<?xml version="1.0" encoding="UTF-8"?>
<!-- Generated by org.testng.reporters.JUnitReportReporter -->
<testsuite hostname="P2B4RND001" name="TestUtilities.test01" tests="1" failures="0" timestamp="6 Oct 2016 06:21:27 GMT" time="2.524" errors="0">
  <testcase name="input" time="2.524" classname="TestUtilities.test01"/>
</testsuite> <!-- TestUtilities.test01 -->
