<?xml version="1.0" encoding="UTF-8"?>
<!-- Generated by org.testng.reporters.JUnitReportReporter -->
<testsuite hostname="P2B4RND001" name="TestRegion.EU_ES" tests="1" failures="0" timestamp="11 Nov 2016 06:34:17 GMT" time="155.472" errors="0">
  <testcase name="testHomePage" time="155.472" classname="TestRegion.EU_ES"/>
</testsuite> <!-- TestRegion.EU_ES -->
