<?xml version="1.0" encoding="UTF-8"?>
<!-- Generated by org.testng.reporters.JUnitReportReporter -->
<testsuite hostname="P2B4RND001" name="TestRegion.EU_PT" tests="1" failures="0" timestamp="11 Nov 2016 06:50:40 GMT" time="228.209" errors="0">
  <testcase name="testHomePage" time="228.209" classname="TestRegion.EU_PT"/>
</testsuite> <!-- TestRegion.EU_PT -->
