<?xml version="1.0" encoding="UTF-8"?>
<!-- Generated by org.testng.reporters.JUnitReportReporter -->
<testsuite hostname="P2B4RND001" name="TestRegion.EU_FR" tests="1" failures="0" timestamp="11 Nov 2016 05:55:09 GMT" time="197.767" errors="0">
  <testcase name="testHomePage" time="197.767" classname="TestRegion.EU_FR"/>
</testsuite> <!-- TestRegion.EU_FR -->
