<?xml version="1.0" encoding="UTF-8"?>
<!-- Generated by org.testng.reporters.JUnitReportReporter -->
<testsuite hostname="P2B4RND001" name="TestRegion.EU_DE" tests="1" failures="0" timestamp="11 Nov 2016 06:25:05 GMT" time="209.440" errors="0">
  <testcase name="testHomePage" time="209.440" classname="TestRegion.EU_DE"/>
</testsuite> <!-- TestRegion.EU_DE -->
