<?xml version="1.0" encoding="UTF-8"?>
<!-- Generated by org.testng.reporters.JUnitReportReporter -->
<testsuite hostname="P2B4RND001" name="USRegionTest" tests="1" failures="0" timestamp="7 Oct 2016 05:32:32 GMT" time="39.462" errors="0">
  <testcase name="testProductPage" time="39.462" classname="USRegionTest"/>
</testsuite> <!-- USRegionTest -->
