<?xml version="1.0" encoding="UTF-8"?>
<!-- Generated by org.testng.reporters.JUnitReportReporter -->
<testsuite hostname="P2B4RND001" name="TestRegion.EU_NL" tests="1" failures="0" timestamp="11 Nov 2016 06:29:59 GMT" time="199.403" errors="0">
  <testcase name="testHomePage" time="199.403" classname="TestRegion.EU_NL"/>
</testsuite> <!-- TestRegion.EU_NL -->
