<?xml version="1.0" encoding="UTF-8"?>
<!-- Generated by org.testng.reporters.JUnitReportReporter -->
<testsuite hostname="P2B4RND001" name="TestRegion.EU_EN" tests="1" failures="0" timestamp="12 Nov 2016 03:47:20 GMT" time="51.395" errors="0">
  <testcase name="testProductPage" time="51.395" classname="TestRegion.EU_EN"/>
</testsuite> <!-- TestRegion.EU_EN -->
